<?xml version="1.0" encoding="UTF-8"?>
<!-- Generated by org.testng.reporters.JUnitReportReporter -->
<testsuite hostname="localhost.localdomain" name="com.smart.chapter2.service.UserServiceTest" tests="3" failures="0" timestamp="5 Sep 2018 01:38:50 GMT" time="0.538" errors="0">
  <testcase name="findUserByUserName" time="0.459" classname="com.smart.chapter2.service.UserServiceTest"/>
  <testcase name="testAddLoginLog" time="0.048" classname="com.smart.chapter2.service.UserServiceTest"/>
  <testcase name="hasMatchUer" time="0.031" classname="com.smart.chapter2.service.UserServiceTest"/>
</testsuite> <!-- com.smart.chapter2.service.UserServiceTest -->
